{"/Users/nate/Development/micromanage/lib/expand.js":{"path":"/Users/nate/Development/micromanage/lib/expand.js","s":{"1":1,"2":1,"3":4,"4":4,"5":4,"6":3,"7":4,"8":1},"b":{"1":[3,1]},"f":{"1":4},"fnMap":{"1":{"name":"expand","line":8,"loc":{"start":{"line":8,"column":0},"end":{"line":8,"column":26}}}},"statementMap":{"1":{"start":{"line":6,"column":0},"end":{"line":6,"column":30}},"2":{"start":{"line":8,"column":0},"end":{"line":18,"column":1}},"3":{"start":{"line":9,"column":2},"end":{"line":9,"column":65}},"4":{"start":{"line":11,"column":2},"end":{"line":15,"column":3}},"5":{"start":{"line":12,"column":4},"end":{"line":14,"column":5}},"6":{"start":{"line":13,"column":6},"end":{"line":13,"column":63}},"7":{"start":{"line":17,"column":2},"end":{"line":17,"column":15}},"8":{"start":{"line":20,"column":0},"end":{"line":20,"column":23}}},"branchMap":{"1":{"line":12,"type":"if","locations":[{"start":{"line":12,"column":4},"end":{"line":12,"column":4}},{"start":{"line":12,"column":4},"end":{"line":12,"column":4}}]}}},"/Users/nate/Development/micromanage/lib/merge.js":{"path":"/Users/nate/Development/micromanage/lib/merge.js","s":{"1":1,"2":10,"3":10,"4":21,"5":25,"6":10,"7":1},"b":{},"f":{"1":10},"fnMap":{"1":{"name":"merge","line":6,"loc":{"start":{"line":6,"column":0},"end":{"line":6,"column":31}}}},"statementMap":{"1":{"start":{"line":6,"column":0},"end":{"line":16,"column":1}},"2":{"start":{"line":7,"column":2},"end":{"line":7,"column":16}},"3":{"start":{"line":9,"column":2},"end":{"line":13,"column":3}},"4":{"start":{"line":10,"column":4},"end":{"line":12,"column":5}},"5":{"start":{"line":11,"column":6},"end":{"line":11,"column":36}},"6":{"start":{"line":15,"column":2},"end":{"line":15,"column":14}},"7":{"start":{"line":18,"column":0},"end":{"line":18,"column":22}}},"branchMap":{}},"/Users/nate/Development/micromanage/lib/getDefaultValues.js":{"path":"/Users/nate/Development/micromanage/lib/getDefaultValues.js","s":{"1":1,"2":5,"3":5,"4":4,"5":5,"6":2,"7":5,"8":1},"b":{"1":[4,1],"2":[5,4],"3":[2,3]},"f":{"1":5},"fnMap":{"1":{"name":"getDefaultValues","line":5,"loc":{"start":{"line":5,"column":0},"end":{"line":5,"column":35}}}},"statementMap":{"1":{"start":{"line":5,"column":0},"end":{"line":19,"column":1}},"2":{"start":{"line":6,"column":2},"end":{"line":6,"column":21}},"3":{"start":{"line":8,"column":2},"end":{"line":16,"column":3}},"4":{"start":{"line":10,"column":4},"end":{"line":14,"column":5}},"5":{"start":{"line":11,"column":6},"end":{"line":13,"column":7}},"6":{"start":{"line":12,"column":8},"end":{"line":12,"column":57}},"7":{"start":{"line":18,"column":2},"end":{"line":18,"column":17}},"8":{"start":{"line":21,"column":0},"end":{"line":21,"column":33}}},"branchMap":{"1":{"line":8,"type":"if","locations":[{"start":{"line":8,"column":2},"end":{"line":8,"column":2}},{"start":{"line":8,"column":2},"end":{"line":8,"column":2}}]},"2":{"line":8,"type":"binary-expr","locations":[{"start":{"line":8,"column":6},"end":{"line":8,"column":12}},{"start":{"line":8,"column":16},"end":{"line":8,"column":38}}]},"3":{"line":11,"type":"if","locations":[{"start":{"line":11,"column":6},"end":{"line":11,"column":6}},{"start":{"line":11,"column":6},"end":{"line":11,"column":6}}]}}},"/Users/nate/Development/micromanage/lib/record.js":{"path":"/Users/nate/Development/micromanage/lib/record.js","s":{"1":1,"2":1,"3":1,"4":1,"5":1,"6":1,"7":2,"8":2,"9":2,"10":1,"11":3,"12":2,"13":2,"14":2,"15":1,"16":2,"17":3,"18":2,"19":2,"20":1,"21":1},"b":{},"f":{"1":2,"2":3,"3":2,"4":1,"5":3},"fnMap":{"1":{"name":"Record","line":14,"loc":{"start":{"line":14,"column":0},"end":{"line":14,"column":26}}},"2":{"name":"Schema","line":21,"loc":{"start":{"line":21,"column":2},"end":{"line":21,"column":27}}},"3":{"name":"(anonymous_3)","line":25,"loc":{"start":{"line":25,"column":20},"end":{"line":25,"column":38}}},"4":{"name":"(anonymous_4)","line":29,"loc":{"start":{"line":29,"column":18},"end":{"line":29,"column":44}}},"5":{"name":"(anonymous_5)","line":33,"loc":{"start":{"line":33,"column":20},"end":{"line":33,"column":31}}}},"statementMap":{"1":{"start":{"line":7,"column":0},"end":{"line":7,"column":24}},"2":{"start":{"line":8,"column":0},"end":{"line":8,"column":30}},"3":{"start":{"line":9,"column":0},"end":{"line":9,"column":32}},"4":{"start":{"line":10,"column":0},"end":{"line":10,"column":52}},"5":{"start":{"line":12,"column":0},"end":{"line":12,"column":15}},"6":{"start":{"line":14,"column":0},"end":{"line":40,"column":1}},"7":{"start":{"line":15,"column":2},"end":{"line":15,"column":32}},"8":{"start":{"line":16,"column":2},"end":{"line":16,"column":41}},"9":{"start":{"line":19,"column":2},"end":{"line":19,"column":37}},"10":{"start":{"line":21,"column":2},"end":{"line":23,"column":3}},"11":{"start":{"line":22,"column":4},"end":{"line":22,"column":34}},"12":{"start":{"line":25,"column":2},"end":{"line":27,"column":3}},"13":{"start":{"line":26,"column":4},"end":{"line":26,"column":45}},"14":{"start":{"line":29,"column":2},"end":{"line":31,"column":3}},"15":{"start":{"line":30,"column":4},"end":{"line":30,"column":40}},"16":{"start":{"line":33,"column":2},"end":{"line":35,"column":3}},"17":{"start":{"line":34,"column":4},"end":{"line":34,"column":23}},"18":{"start":{"line":37,"column":2},"end":{"line":37,"column":36}},"19":{"start":{"line":39,"column":2},"end":{"line":39,"column":15}},"20":{"start":{"line":42,"column":0},"end":{"line":42,"column":16}},"21":{"start":{"line":44,"column":0},"end":{"line":44,"column":23}}},"branchMap":{}}}