TN:
SF:/Users/nate/Development/micromanage/lib/expand.js
FN:8,expand
FNF:1
FNH:1
FNDA:4,expand
DA:6,1
DA:8,1
DA:9,4
DA:11,4
DA:12,4
DA:13,3
DA:17,4
DA:20,1
LF:8
LH:8
BRDA:12,1,0,3
BRDA:12,1,1,1
BRF:2
BRH:2
end_of_record
TN:
SF:/Users/nate/Development/micromanage/lib/merge.js
FN:6,merge
FNF:1
FNH:1
FNDA:10,merge
DA:6,1
DA:7,10
DA:9,10
DA:10,21
DA:11,25
DA:15,10
DA:18,1
LF:7
LH:7
BRF:0
BRH:0
end_of_record
TN:
SF:/Users/nate/Development/micromanage/lib/getDefaultValues.js
FN:5,getDefaultValues
FNF:1
FNH:1
FNDA:5,getDefaultValues
DA:5,1
DA:6,5
DA:8,5
DA:10,4
DA:11,5
DA:12,2
DA:18,5
DA:21,1
LF:8
LH:8
BRDA:8,1,0,4
BRDA:8,1,1,1
BRDA:8,2,0,5
BRDA:8,2,1,4
BRDA:11,3,0,2
BRDA:11,3,1,3
BRF:6
BRH:6
end_of_record
TN:
SF:/Users/nate/Development/micromanage/lib/record.js
FN:14,Record
FN:21,Schema
FN:25,(anonymous_3)
FN:29,(anonymous_4)
FN:33,(anonymous_5)
FNF:5
FNH:5
FNDA:2,Record
FNDA:3,Schema
FNDA:2,(anonymous_3)
FNDA:1,(anonymous_4)
FNDA:3,(anonymous_5)
DA:7,1
DA:8,1
DA:9,1
DA:10,1
DA:12,1
DA:14,1
DA:15,2
DA:16,2
DA:19,2
DA:21,1
DA:22,3
DA:25,2
DA:26,2
DA:29,2
DA:30,1
DA:33,2
DA:34,3
DA:37,2
DA:39,2
DA:42,1
DA:44,1
LF:21
LH:21
BRF:0
BRH:0
end_of_record
